
> frontend@0.1.0 dev
> next dev

⚠ Warning: Next.js inferred your workspace root, but it may not be correct.
 We detected multiple lockfiles and selected the directory of /Users/user/package-lock.json as the root directory.
 To silence this warning, set `turbopack.root` in your Next.js config, or consider removing one of the lockfiles if it's not needed.
   See https://nextjs.org/docs/app/api-reference/config/next-config-js/turbopack#root-directory for more information.
 Detected additional lockfiles: 
   * /Users/user/Documents/workspace-spring-tools-for-eclipse-5.0.0.RELEASE/recommerce-platform/frontend/package-lock.json

▲ Next.js 16.1.6 (Turbopack)
- Local:         http://localhost:3000
- Network:       http://192.168.0.186:3000

✓ Starting...
✓ Ready in 4.3s
 GET / 200 in 3.6s (compile: 3.0s, render: 577ms)
 GET / 200 in 582ms (compile: 69ms, render: 514ms)
 GET / 200 in 541ms (compile: 48ms, render: 493ms)
 GET / 200 in 481ms (compile: 11ms, render: 470ms)
✓ Compiled in 1125ms
⚠ Fast Refresh had to perform a full reload due to a runtime error.
⚠ Fast Refresh had to perform a full reload due to a runtime error.
⚠ Fast Refresh had to perform a full reload due to a runtime error.
⚠ Fast Refresh had to perform a full reload due to a runtime error.
⚠ Fast Refresh had to perform a full reload due to a runtime error.
⚠ Fast Refresh had to perform a full reload due to a runtime error.
✓ Compiled in 1ms
 GET / 200 in 3.0s (compile: 964ms, render: 2.1s)
 GET / 200 in 950ms (compile: 19ms, render: 931ms)
 GET / 200 in 512ms (compile: 41ms, render: 471ms)
 GET / 200 in 487ms (compile: 35ms, render: 452ms)
 GET / 200 in 911ms (compile: 34ms, render: 877ms)
 GET / 200 in 1636ms (compile: 864ms, render: 771ms)
 GET / 200 in 379ms (compile: 46ms, render: 333ms)
 GET /login 200 in 2.4s (compile: 2.3s, render: 125ms)
 GET /register 200 in 237ms (compile: 137ms, render: 100ms)
 GET / 200 in 67ms (compile: 18ms, render: 49ms)
 GET /login 200 in 65ms (compile: 7ms, render: 58ms)
 GET / 200 in 77ms (compile: 4ms, render: 74ms)
 GET /sell 200 in 548ms (compile: 422ms, render: 126ms)
 GET / 200 in 99ms (compile: 37ms, render: 62ms)
 GET /sell 200 in 81ms (compile: 12ms, render: 70ms)
✓ Compiled in 2.6s
 GET / 200 in 91ms (compile: 26ms, render: 65ms)
 GET /product/1 200 in 5.1s (compile: 4.7s, render: 352ms)
 GET /product/1 200 in 2.4s (compile: 1974ms, render: 426ms)
 GET /checkout/1 200 in 1413ms (compile: 1313ms, render: 101ms)
 GET / 200 in 92ms (compile: 20ms, render: 72ms)
✓ Compiled in 755ms
 GET /product/1 200 in 203ms (compile: 69ms, render: 134ms)
 GET /checkout/1 200 in 922ms (compile: 248ms, render: 674ms)
 GET / 200 in 123ms (compile: 45ms, render: 78ms)
 GET / 200 in 158ms (compile: 10ms, render: 148ms)
 GET /sell 200 in 822ms (compile: 311ms, render: 510ms)
 GET /sell 200 in 40ms (compile: 7ms, render: 32ms)
 GET / 200 in 58ms (compile: 11ms, render: 47ms)
✓ Compiled in 9.9s
⚠ Fast Refresh had to perform a full reload due to a runtime error.
⚠ Fast Refresh had to perform a full reload due to a runtime error.
 GET /sell 200 in 17.0s (compile: 15.9s, render: 1059ms)
 GET /sell 200 in 13.6s (compile: 11.8s, render: 1744ms)
✓ Compiled in 0ms
⨯ ReferenceError: Link is not defined
    at RootLayout (src/app/layout.tsx:53:18)
  51 |             <div className="flex items-center justify-between h-16">
  52 |               <div className="flex items-center space-x-8">
> 53 |                 <Link href="/" className="text-2xl font-bold tracking-tight text-emerald-400">
     |                  ^
  54 |                   Recommerce
  55 |                 </Link>
  56 |                 <div className="hidden md:block"> {
  digest: '2598850723'
}
⚠ Fast Refresh had to perform a full reload due to a runtime error.
⚠ Fast Refresh had to perform a full reload due to a runtime error.
⨯ ReferenceError: Link is not defined
    at RootLayout (src/app/layout.tsx:53:18)
  51 |             <div className="flex items-center justify-between h-16">
  52 |               <div className="flex items-center space-x-8">
> 53 |                 <Link href="/" className="text-2xl font-bold tracking-tight text-emerald-400">
     |                  ^
  54 |                   Recommerce
  55 |                 </Link>
  56 |                 <div className="hidden md:block"> {
  digest: '2598850723'
}
 GET / 500 in 1289ms (compile: 16ms, render: 1272ms)
 GET / 500 in 1290ms (compile: 1157ms, render: 132ms)
⨯ ReferenceError: Link is not defined
    at RootLayout (src/app/layout.tsx:53:18)
  51 |             <div className="flex items-center justify-between h-16">
  52 |               <div className="flex items-center space-x-8">
> 53 |                 <Link href="/" className="text-2xl font-bold tracking-tight text-emerald-400">
     |                  ^
  54 |                   Recommerce
  55 |                 </Link>
  56 |                 <div className="hidden md:block"> {
  digest: '2598850723'
}
 GET / 200 in 11.8s (compile: 5.4s, render: 6.4s)
⨯ ReferenceError: Link is not defined
    at RootLayout (src/app/layout.tsx:53:18)
  51 |             <div className="flex items-center justify-between h-16">
  52 |               <div className="flex items-center space-x-8">
> 53 |                 <Link href="/" className="text-2xl font-bold tracking-tight text-emerald-400">
     |                  ^
  54 |                   Recommerce
  55 |                 </Link>
  56 |                 <div className="hidden md:block"> {
  digest: '2598850723'
}
 GET / 200 in 219ms (compile: 23ms, render: 196ms)
⨯ ReferenceError: Link is not defined
    at RootLayout (src/app/layout.tsx:53:18)
  51 |             <div className="flex items-center justify-between h-16">
  52 |               <div className="flex items-center space-x-8">
> 53 |                 <Link href="/" className="text-2xl font-bold tracking-tight text-emerald-400">
     |                  ^
  54 |                   Recommerce
  55 |                 </Link>
  56 |                 <div className="hidden md:block"> {
  digest: '2598850723'
}
 GET / 200 in 1267ms (compile: 142ms, render: 1125ms)
⨯ ReferenceError: Link is not defined
    at RootLayout (src/app/layout.tsx:53:18)
  51 |             <div className="flex items-center justify-between h-16">
  52 |               <div className="flex items-center space-x-8">
> 53 |                 <Link href="/" className="text-2xl font-bold tracking-tight text-emerald-400">
     |                  ^
  54 |                   Recommerce
  55 |                 </Link>
  56 |                 <div className="hidden md:block"> {
  digest: '2598850723'
}
 GET / 500 in 2.2s (compile: 25ms, render: 2.2s)
 GET / 200 in 1268ms (compile: 20ms, render: 1248ms)
 GET / 500 in 2.1s (compile: 37ms, render: 2.1s)
 GET / 500 in 1897ms (compile: 67ms, render: 1830ms)
 GET / 500 in 1571ms (compile: 80ms, render: 1492ms)
⨯ ReferenceError: Link is not defined
    at RootLayout (src/app/layout.tsx:53:18)
  51 |             <div className="flex items-center justify-between h-16">
  52 |               <div className="flex items-center space-x-8">
> 53 |                 <Link href="/" className="text-2xl font-bold tracking-tight text-emerald-400">
     |                  ^
  54 |                   Recommerce
  55 |                 </Link>
  56 |                 <div className="hidden md:block"> {
  digest: '2598850723'
}
 GET / 500 in 101ms (compile: 7ms, render: 94ms)
⚠ Fast Refresh had to perform a full reload due to a runtime error.
⚠ Fast Refresh had to perform a full reload due to a runtime error.
⚠ Fast Refresh had to perform a full reload due to a runtime error.
✓ Compiled in 654ms
⚠ Fast Refresh had to perform a full reload due to a runtime error.
⚠ Fast Refresh had to perform a full reload due to a runtime error.
⚠ Fast Refresh had to perform a full reload due to a runtime error.
⚠ Fast Refresh had to perform a full reload due to a runtime error.
⚠ Fast Refresh had to perform a full reload due to a runtime error.
✓ Compiled in 0ms
 GET / 200 in 5.8s (compile: 648ms, render: 5.1s)
 GET / 200 in 5.9s (compile: 3.0s, render: 2.9s)
 GET / 200 in 2.4s (compile: 15ms, render: 2.4s)
 GET / 200 in 2.4s (compile: 223ms, render: 2.2s)
 GET /sell 200 in 1143ms (compile: 706ms, render: 436ms)
 GET / 200 in 56ms (compile: 12ms, render: 43ms)
 GET /product/3 200 in 1037ms (compile: 654ms, render: 383ms)
 GET /product/3 200 in 79ms (compile: 19ms, render: 59ms)
 GET / 200 in 211ms (compile: 17ms, render: 193ms)
 GET /login 200 in 776ms (compile: 353ms, render: 423ms)
 GET / 200 in 362ms (compile: 34ms, render: 328ms)
 GET /product/3 200 in 81ms (compile: 28ms, render: 54ms)
 GET / 200 in 32ms (compile: 6ms, render: 26ms)
 GET /product/1 200 in 74ms (compile: 12ms, render: 62ms)
 GET / 200 in 63ms (compile: 9ms, render: 54ms)
✓ Compiled in 1161ms
 GET /product/1 200 in 1247ms (compile: 890ms, render: 357ms)
 GET / 200 in 467ms (compile: 251ms, render: 216ms)
 GET /admin/dashboard 200 in 2.7s (compile: 2.5s, render: 187ms)
 GET /admin/users 200 in 1059ms (compile: 920ms, render: 138ms)
 GET /admin/products 200 in 629ms (compile: 518ms, render: 111ms)
 GET /admin/products 200 in 41ms (compile: 3ms, render: 38ms)
 GET /admin/users 200 in 43ms (compile: 4ms, render: 39ms)
 GET /admin/dashboard 200 in 42ms (compile: 6ms, render: 35ms)
 GET /admin/users 200 in 40ms (compile: 6ms, render: 34ms)
 GET /admin/users 200 in 43ms (compile: 3ms, render: 39ms)
 GET / 200 in 42ms (compile: 8ms, render: 34ms)
 GET /product/1 200 in 334ms (compile: 35ms, render: 299ms)
 GET /admin/dashboard 200 in 70ms (compile: 8ms, render: 62ms)
✓ Compiled in 0ms
 GET / 200 in 5.0s (compile: 1656ms, render: 3.4s)
 GET /admin/dashboard 200 in 5.0s (compile: 1987ms, render: 3.0s)
 GET /admin/dashboard 200 in 2.8s (compile: 83ms, render: 2.7s)
✓ Compiled in 544ms
 GET /admin/dashboard 200 in 3.4s (compile: 511ms, render: 2.9s)
 GET /admin/dashboard 200 in 2.9s (compile: 512ms, render: 2.4s)
 GET /admin/dashboard 200 in 2.4s (compile: 190ms, render: 2.2s)
 GET /admin/dashboard 200 in 2.3s (compile: 199ms, render: 2.1s)
 GET / 200 in 2.1s (compile: 166ms, render: 1950ms)
✓ Compiled in 158ms
 GET / 200 in 3.3s (compile: 28ms, render: 3.3s)
 GET /admin/dashboard 200 in 3.7s (compile: 348ms, render: 3.3s)
 GET / 200 in 3.4s (compile: 1186ms, render: 2.2s)
 GET /admin/dashboard 200 in 2.7s (compile: 215ms, render: 2.5s)
 GET /admin/dashboard 200 in 2.6s (compile: 267ms, render: 2.4s)
 GET /admin/dashboard 200 in 2.8s (compile: 498ms, render: 2.3s)
 GET / 200 in 2.8s (compile: 637ms, render: 2.2s)
 GET /admin/dashboard 200 in 2.8s (compile: 721ms, render: 2.1s)
 GET /admin/dashboard 200 in 2.4s (compile: 392ms, render: 2.0s)
 GET / 200 in 2.3s (compile: 150ms, render: 2.1s)
 GET / 200 in 1893ms (compile: 102ms, render: 1791ms)
 GET /admin/dashboard 200 in 1862ms (compile: 172ms, render: 1690ms)
 GET / 200 in 1614ms (compile: 57ms, render: 1557ms)
 GET /admin/dashboard 200 in 1356ms (compile: 86ms, render: 1270ms)
 GET /admin/dashboard 200 in 1358ms (compile: 244ms, render: 1114ms)
 GET / 200 in 1333ms (compile: 353ms, render: 980ms)
 GET /admin/dashboard 200 in 1331ms (compile: 424ms, render: 907ms)
 GET /admin/dashboard 200 in 1335ms (compile: 482ms, render: 853ms)
 GET /admin/dashboard 200 in 1047ms (compile: 171ms, render: 876ms)
 GET / 200 in 826ms (compile: 50ms, render: 776ms)
 GET / 200 in 1620ms (compile: 62ms, render: 1558ms)
 GET /admin/dashboard 200 in 1437ms (compile: 30ms, render: 1407ms)
 GET / 200 in 1438ms (compile: 81ms, render: 1357ms)
 GET / 200 in 1415ms (compile: 33ms, render: 1382ms)
 GET /admin/dashboard 200 in 1577ms (compile: 40ms, render: 1537ms)
 GET /admin/dashboard 200 in 1590ms (compile: 116ms, render: 1473ms)
 GET / 200 in 1568ms (compile: 660ms, render: 908ms)
 GET /admin/dashboard 200 in 1582ms (compile: 527ms, render: 1055ms)
 GET /admin/dashboard 200 in 1590ms (compile: 272ms, render: 1317ms)
 GET /admin/dashboard 200 in 1337ms (compile: 602ms, render: 736ms)
 GET / 200 in 705ms (compile: 18ms, render: 687ms)
 GET / 200 in 694ms (compile: 34ms, render: 660ms)
 GET / 200 in 853ms (compile: 25ms, render: 828ms)
 GET / 200 in 1000ms (compile: 167ms, render: 834ms)
 GET / 200 in 586ms (compile: 17ms, render: 570ms)
 GET / 200 in 816ms (compile: 17ms, render: 799ms)
 GET / 200 in 1214ms (compile: 53ms, render: 1161ms)
 GET / 200 in 1151ms (compile: 78ms, render: 1073ms)
 GET / 200 in 1122ms (compile: 69ms, render: 1053ms)
 GET / 200 in 1039ms (compile: 47ms, render: 992ms)
 GET / 200 in 552ms (compile: 28ms, render: 524ms)
 GET / 200 in 650ms (compile: 92ms, render: 558ms)
 GET / 200 in 536ms (compile: 14ms, render: 522ms)
 GET / 200 in 526ms (compile: 5ms, render: 521ms)
 GET / 200 in 525ms (compile: 13ms, render: 513ms)
 GET / 200 in 391ms (compile: 8ms, render: 383ms)
 GET / 200 in 405ms (compile: 8ms, render: 397ms)
 GET / 200 in 379ms (compile: 10ms, render: 369ms)
 GET / 200 in 376ms (compile: 11ms, render: 365ms)
 GET / 200 in 281ms (compile: 17ms, render: 264ms)
 GET / 200 in 325ms (compile: 6ms, render: 319ms)
 GET / 200 in 353ms (compile: 15ms, render: 338ms)
 GET / 200 in 291ms (compile: 9ms, render: 282ms)
 GET / 200 in 269ms (compile: 7ms, render: 261ms)
 GET / 200 in 198ms (compile: 10ms, render: 188ms)
 GET / 200 in 264ms (compile: 9ms, render: 255ms)
 GET / 200 in 352ms (compile: 9ms, render: 343ms)
 GET / 200 in 415ms (compile: 16ms, render: 399ms)
 GET / 200 in 402ms (compile: 17ms, render: 384ms)
 GET / 200 in 394ms (compile: 10ms, render: 383ms)
 GET / 200 in 326ms (compile: 6ms, render: 320ms)
 GET / 200 in 283ms (compile: 8ms, render: 275ms)
 GET / 200 in 358ms (compile: 8ms, render: 350ms)
 GET / 200 in 374ms (compile: 13ms, render: 361ms)
 GET / 200 in 412ms (compile: 6ms, render: 405ms)
 GET / 200 in 480ms (compile: 5ms, render: 475ms)
 GET / 200 in 425ms (compile: 22ms, render: 402ms)
 GET / 200 in 395ms (compile: 9ms, render: 386ms)
 GET / 200 in 403ms (compile: 14ms, render: 389ms)
 GET / 200 in 319ms (compile: 7ms, render: 312ms)
 GET / 200 in 364ms (compile: 17ms, render: 347ms)
 GET / 200 in 365ms (compile: 55ms, render: 309ms)
 GET / 200 in 356ms (compile: 16ms, render: 341ms)
 GET / 200 in 794ms (compile: 15ms, render: 779ms)
 GET / 200 in 1276ms (compile: 16ms, render: 1260ms)
 GET / 200 in 1301ms (compile: 7ms, render: 1294ms)
 GET / 200 in 1249ms (compile: 100ms, render: 1149ms)
 GET / 200 in 914ms (compile: 387ms, render: 527ms)
 GET / 200 in 516ms (compile: 8ms, render: 508ms)
 GET / 200 in 579ms (compile: 9ms, render: 569ms)
 GET / 200 in 593ms (compile: 17ms, render: 577ms)
 GET / 200 in 362ms (compile: 30ms, render: 332ms)
 GET / 200 in 388ms (compile: 5ms, render: 383ms)
 GET / 200 in 361ms (compile: 8ms, render: 353ms)
 GET / 200 in 352ms (compile: 8ms, render: 344ms)
 GET / 200 in 254ms (compile: 14ms, render: 240ms)
 GET / 200 in 207ms (compile: 8ms, render: 199ms)
 GET / 200 in 265ms (compile: 9ms, render: 256ms)
 GET / 200 in 201ms (compile: 12ms, render: 189ms)
 GET / 200 in 141ms (compile: 8ms, render: 132ms)
 GET /product/1 200 in 852ms (compile: 362ms, render: 491ms)
 GET /product/1 200 in 101ms (compile: 27ms, render: 73ms)
 GET /checkout/1 200 in 836ms (compile: 694ms, render: 142ms)
 GET /admin/dashboard 200 in 61ms (compile: 10ms, render: 51ms)
 GET /admin/dashboard 200 in 138ms (compile: 59ms, render: 79ms)
 GET /admin/dashboard 200 in 67ms (compile: 8ms, render: 59ms)
 GET / 200 in 198ms (compile: 71ms, render: 127ms)
 GET /?q=iphone 200 in 253ms (compile: 86ms, render: 167ms)
 GET /?q=iphone 200 in 53ms (compile: 18ms, render: 35ms)
 GET /?q=laptop 200 in 49ms (compile: 10ms, render: 39ms)
 GET /?q=Macbook 200 in 34ms (compile: 7ms, render: 27ms)
 GET /?q=fan 200 in 37ms (compile: 9ms, render: 28ms)
 GET /product/3 200 in 176ms (compile: 70ms, render: 106ms)
 GET /checkout/3 200 in 142ms (compile: 42ms, render: 100ms)
 GET /?q=fan 200 in 49ms (compile: 12ms, render: 37ms)
 GET /product/3 200 in 104ms (compile: 33ms, render: 70ms)
 GET /checkout/3 200 in 81ms (compile: 28ms, render: 53ms)
 GET / 200 in 318ms (compile: 43ms, render: 275ms)
 GET /admin/dashboard 200 in 132ms (compile: 35ms, render: 97ms)
✓ Finished writing to filesystem cache in 15.7s
 GET /sell 200 in 2.2min (compile: 119s, render: 11.6s)
 GET / 200 in 2.3min (compile: 6.7s, render: 2.2min)
✓ Compiled in 3.5s
 GET /admin/dashboard 200 in 1597ms (compile: 41ms, render: 1555ms)
 GET / 200 in 651ms (compile: 116ms, render: 535ms)
 GET /product/1 200 in 898ms (compile: 149ms, render: 749ms)
 GET /checkout/1 200 in 5.6s (compile: 4.3s, render: 1219ms)
 GET /sell 200 in 756ms (compile: 352ms, render: 404ms)
 GET /admin/dashboard 200 in 255ms (compile: 142ms, render: 113ms)
 GET / 200 in 78ms (compile: 22ms, render: 57ms)
 GET /product/1 200 in 355ms (compile: 209ms, render: 146ms)
 GET /checkout/1 200 in 176ms (compile: 62ms, render: 114ms)
✓ Compiled in 2.6s
 GET /checkout/1 200 in 863ms (compile: 73ms, render: 791ms)
 GET /sell 200 in 57ms (compile: 16ms, render: 41ms)
 GET / 200 in 662ms (compile: 453ms, render: 210ms)
○ Compiling /admin/edit/[id] ...
 GET /admin/edit/1 200 in 3.5s (compile: 3.4s, render: 109ms)
 GET /admin/edit/1 200 in 4.8s (compile: 4.7s, render: 113ms)
 GET /admin/edit/1 200 in 5.5s (compile: 5.4s, render: 117ms)
 GET /admin/edit/1 200 in 57ms (compile: 10ms, render: 47ms)
 GET /admin/edit/2 200 in 42ms (compile: 9ms, render: 33ms)
 GET /admin/dashboard 200 in 48ms (compile: 8ms, render: 40ms)
 GET /admin/dashboard 200 in 32ms (compile: 6ms, render: 27ms)
 GET /admin/users 200 in 96ms (compile: 61ms, render: 35ms)
 GET /admin/users 200 in 27ms (compile: 4ms, render: 23ms)
 GET /admin/products 200 in 95ms (compile: 52ms, render: 43ms)
 GET /admin/users 200 in 24ms (compile: 5ms, render: 20ms)
 GET /admin/dashboard 200 in 27ms (compile: 6ms, render: 20ms)
 GET /admin/dashboard 200 in 39ms (compile: 8ms, render: 31ms)
 GET /admin/users 200 in 33ms (compile: 8ms, render: 25ms)
 GET /admin/products 200 in 41ms (compile: 12ms, render: 29ms)
 GET /admin/dashboard 200 in 28ms (compile: 6ms, render: 21ms)
 GET /login 200 in 704ms (compile: 581ms, render: 122ms)
 GET /login 200 in 385ms (compile: 15ms, render: 370ms)
 GET / 200 in 86ms (compile: 16ms, render: 70ms)
 GET /admin/dashboard 200 in 90ms (compile: 11ms, render: 79ms)
 GET /admin/users 200 in 127ms (compile: 96ms, render: 31ms)
 GET /admin/products 200 in 66ms (compile: 11ms, render: 55ms)
 GET / 200 in 23ms (compile: 5ms, render: 18ms)
 GET /admin/edit/3 200 in 107ms (compile: 16ms, render: 91ms)
 GET /product/3 200 in 69ms (compile: 9ms, render: 60ms)
 GET / 200 in 28ms (compile: 7ms, render: 21ms)
 GET /login 200 in 45ms (compile: 7ms, render: 39ms)
 GET /register 200 in 1305ms (compile: 1150ms, render: 154ms)
 GET /login 200 in 46ms (compile: 5ms, render: 41ms)
 GET /register 200 in 35ms (compile: 9ms, render: 26ms)
 GET / 200 in 47ms (compile: 11ms, render: 36ms)
 GET /login 200 in 67ms (compile: 11ms, render: 56ms)
 GET /admin/dashboard 200 in 30ms (compile: 5ms, render: 25ms)
 GET / 200 in 43ms (compile: 8ms, render: 35ms)
 GET / 200 in 22ms (compile: 3ms, render: 19ms)
 GET /admin/dashboard 200 in 29ms (compile: 3ms, render: 25ms)
 GET / 200 in 42ms (compile: 7ms, render: 35ms)
 GET / 200 in 55ms (compile: 3ms, render: 53ms)
 GET /admin/dashboard 200 in 27ms (compile: 4ms, render: 23ms)
 GET / 200 in 43ms (compile: 4ms, render: 39ms)
 GET / 200 in 23ms (compile: 2ms, render: 21ms)
 GET /admin/dashboard 200 in 26ms (compile: 2ms, render: 24ms)
 GET / 200 in 70ms (compile: 2ms, render: 68ms)
 GET / 200 in 24ms (compile: 4ms, render: 20ms)
 GET / 200 in 88ms (compile: 6ms, render: 83ms)
 GET / 200 in 113ms (compile: 8ms, render: 105ms)
 GET /login 200 in 46ms (compile: 5ms, render: 41ms)
 GET / 200 in 96ms (compile: 14ms, render: 82ms)
 GET /admin/dashboard 200 in 81ms (compile: 6ms, render: 75ms)
 GET /admin/users 200 in 38ms (compile: 6ms, render: 33ms)
 GET /admin/users 200 in 124ms (compile: 20ms, render: 104ms)
 GET / 200 in 124ms (compile: 32ms, render: 93ms)
 GET /sell 200 in 57ms (compile: 7ms, render: 50ms)
 GET / 200 in 94ms (compile: 15ms, render: 79ms)
 GET /login 200 in 44ms (compile: 8ms, render: 36ms)
 GET /admin/users 200 in 89ms (compile: 12ms, render: 77ms)
 GET / 200 in 48ms (compile: 13ms, render: 35ms)
 GET /login 200 in 41ms (compile: 9ms, render: 33ms)
 GET / 200 in 99ms (compile: 5ms, render: 94ms)
 GET /admin/dashboard 200 in 102ms (compile: 8ms, render: 93ms)
 GET /admin/users 200 in 98ms (compile: 4ms, render: 94ms)
 GET / 200 in 89ms (compile: 7ms, render: 81ms)
 GET /sell 200 in 31ms (compile: 7ms, render: 24ms)
 GET /sell 200 in 24ms (compile: 4ms, render: 20ms)
 GET / 200 in 224ms (compile: 29ms, render: 195ms)
 GET / 200 in 270ms (compile: 92ms, render: 178ms)
 GET / 200 in 161ms (compile: 8ms, render: 153ms)
✓ Compiled in 3.1s
✓ Compiled in 1919ms
✓ Compiled in 0ms
 GET / 200 in 2.6s (compile: 72ms, render: 2.6s)
 GET /sell 200 in 1262ms (compile: 582ms, render: 680ms)
 GET / 200 in 1277ms (compile: 65ms, render: 1212ms)
 GET / 200 in 1159ms (compile: 36ms, render: 1123ms)
 GET / 200 in 1174ms (compile: 64ms, render: 1110ms)
✓ Compiled in 592ms
 GET /admin/edit/3 200 in 200ms (compile: 83ms, render: 117ms)
✓ Finished filesystem cache database compaction in 14.4s
 GET / 200 in 538ms (compile: 205ms, render: 333ms)
 GET / 200 in 1013ms (compile: 205ms, render: 808ms)
 GET / 200 in 553ms (compile: 189ms, render: 364ms)
 GET / 200 in 158ms (compile: 41ms, render: 117ms)
 GET /product/1 200 in 254ms (compile: 166ms, render: 88ms)
 GET /checkout/1 200 in 697ms (compile: 458ms, render: 239ms)
 GET / 200 in 259ms (compile: 55ms, render: 204ms)
 GET /login 200 in 179ms (compile: 113ms, render: 66ms)
 GET /register 200 in 90ms (compile: 47ms, render: 42ms)
 GET / 200 in 50ms (compile: 15ms, render: 35ms)
 GET /login 200 in 47ms (compile: 13ms, render: 34ms)
 GET / 200 in 98ms (compile: 13ms, render: 85ms)
 GET / 200 in 319ms (compile: 126ms, render: 193ms)
 GET /product/1 200 in 124ms (compile: 45ms, render: 79ms)
 GET /checkout/1 200 in 112ms (compile: 30ms, render: 82ms)
 GET /admin/dashboard 200 in 176ms (compile: 83ms, render: 92ms)
 GET / 200 in 128ms (compile: 14ms, render: 114ms)
 GET / 200 in 70ms (compile: 20ms, render: 49ms)
 GET /admin/dashboard 200 in 37ms (compile: 7ms, render: 30ms)
 GET / 200 in 64ms (compile: 8ms, render: 55ms)
 GET / 200 in 68ms (compile: 29ms, render: 39ms)
 GET / 200 in 96ms (compile: 7ms, render: 89ms)
 GET / 200 in 80ms (compile: 11ms, render: 69ms)
 GET /login 200 in 69ms (compile: 15ms, render: 53ms)
 GET / 200 in 152ms (compile: 5ms, render: 146ms)
 GET /admin/dashboard 200 in 51ms (compile: 16ms, render: 35ms)
 GET /admin/users 200 in 162ms (compile: 97ms, render: 65ms)
✓ Compiled in 209ms
✓ Compiled in 104ms
✓ Compiled in 271ms
 GET /admin/users 200 in 1835ms (compile: 688ms, render: 1147ms)
 GET / 200 in 51ms (compile: 14ms, render: 36ms)
 GET /product/1 200 in 60ms (compile: 20ms, render: 39ms)
 GET /checkout/1 200 in 71ms (compile: 27ms, render: 44ms)
 GET / 200 in 177ms (compile: 20ms, render: 157ms)
 GET /login 200 in 75ms (compile: 10ms, render: 65ms)
 GET /register 200 in 1242ms (compile: 1119ms, render: 123ms)
 GET / 200 in 47ms (compile: 18ms, render: 30ms)
 GET /login 200 in 55ms (compile: 15ms, render: 39ms)
 GET / 200 in 105ms (compile: 3ms, render: 102ms)
 GET /product/1 200 in 73ms (compile: 19ms, render: 53ms)
 GET /checkout/1 200 in 61ms (compile: 30ms, render: 31ms)
✓ Compiled in 429ms
✓ Compiled in 125ms
 GET / 200 in 124ms (compile: 23ms, render: 101ms)
 GET /product/1 200 in 81ms (compile: 26ms, render: 55ms)
 GET /checkout/1 200 in 432ms (compile: 350ms, render: 82ms)
 GET / 200 in 171ms (compile: 22ms, render: 149ms)
 GET /login 200 in 47ms (compile: 8ms, render: 39ms)
 GET /register 200 in 65ms (compile: 14ms, render: 51ms)
 GET / 200 in 29ms (compile: 8ms, render: 21ms)
 GET /login 200 in 38ms (compile: 13ms, render: 26ms)
 GET / 200 in 804ms (compile: 32ms, render: 772ms)
 GET /product/1 200 in 62ms (compile: 19ms, render: 43ms)
 GET /checkout/1 200 in 56ms (compile: 14ms, render: 41ms)
 GET / 200 in 61ms (compile: 13ms, render: 48ms)
 GET / 200 in 200ms (compile: 78ms, render: 122ms)
 GET /login 200 in 67ms (compile: 15ms, render: 52ms)
 GET / 200 in 83ms (compile: 11ms, render: 71ms)
 GET /admin/dashboard 200 in 100ms (compile: 15ms, render: 85ms)
 GET /admin/users 200 in 54ms (compile: 21ms, render: 33ms)
 GET /admin/users 200 in 652ms (compile: 291ms, render: 361ms)
 GET /sell 200 in 912ms (compile: 757ms, render: 155ms)
 GET / 200 in 48ms (compile: 14ms, render: 34ms)
 GET /product/1 200 in 82ms (compile: 21ms, render: 61ms)
 GET /checkout/1 200 in 70ms (compile: 24ms, render: 46ms)
 GET / 200 in 104ms (compile: 24ms, render: 80ms)
 GET /admin/dashboard 200 in 112ms (compile: 19ms, render: 92ms)
 GET /admin/users 200 in 75ms (compile: 9ms, render: 66ms)
 GET / 200 in 259ms (compile: 54ms, render: 205ms)
 GET /sell 200 in 63ms (compile: 19ms, render: 45ms)
 GET /login 200 in 138ms (compile: 32ms, render: 106ms)
 GET /login 200 in 144ms (compile: 99ms, render: 46ms)
 GET /login 200 in 24ms (compile: 5ms, render: 19ms)
 GET /login 200 in 24ms (compile: 4ms, render: 20ms)
 GET / 200 in 94ms (compile: 13ms, render: 81ms)
 GET /product/1 200 in 68ms (compile: 20ms, render: 48ms)
 GET /checkout/1 200 in 67ms (compile: 22ms, render: 45ms)
 GET / 200 in 48ms (compile: 20ms, render: 28ms)
✓ Compiled in 374ms
 GET / 200 in 122ms (compile: 18ms, render: 103ms)
 GET /login 200 in 54ms (compile: 16ms, render: 38ms)
 GET / 200 in 158ms (compile: 15ms, render: 143ms)
✓ Compiled in 2.4s
✓ Compiled in 851ms
✓ Compiled in 2ms
 GET / 200 in 4.0s (compile: 1783ms, render: 2.3s)
 GET / 200 in 4.1s (compile: 2.5s, render: 1560ms)
 GET /sell 200 in 4.1s (compile: 2.3s, render: 1802ms)
 GET / 200 in 1663ms (compile: 6ms, render: 1657ms)
 GET / 200 in 1711ms (compile: 26ms, render: 1685ms)
 GET / 200 in 1716ms (compile: 65ms, render: 1651ms)
 GET / 200 in 1676ms (compile: 115ms, render: 1561ms)
 GET /sell 200 in 1623ms (compile: 399ms, render: 1224ms)
 GET / 200 in 1686ms (compile: 150ms, render: 1536ms)
 GET / 200 in 1002ms (compile: 119ms, render: 883ms)
 GET / 200 in 933ms (compile: 398ms, render: 535ms)
 GET /sell 200 in 485ms (compile: 35ms, render: 449ms)
 GET / 200 in 492ms (compile: 10ms, render: 482ms)
 GET / 200 in 497ms (compile: 74ms, render: 423ms)
 GET / 200 in 406ms (compile: 22ms, render: 384ms)
 GET / 200 in 411ms (compile: 59ms, render: 352ms)
 GET / 200 in 359ms (compile: 63ms, render: 296ms)
 GET /sell 200 in 304ms (compile: 33ms, render: 271ms)
 GET / 200 in 305ms (compile: 53ms, render: 252ms)
 GET / 200 in 288ms (compile: 48ms, render: 240ms)
 GET /sell 200 in 313ms (compile: 9ms, render: 304ms)
 GET / 200 in 344ms (compile: 36ms, render: 308ms)
 GET / 200 in 345ms (compile: 50ms, render: 295ms)
 GET /sell 200 in 328ms (compile: 9ms, render: 319ms)
 GET / 200 in 329ms (compile: 26ms, render: 303ms)
 GET / 200 in 329ms (compile: 51ms, render: 277ms)
 GET / 200 in 316ms (compile: 10ms, render: 306ms)
 GET / 200 in 315ms (compile: 22ms, render: 293ms)
 GET / 200 in 338ms (compile: 24ms, render: 314ms)
 GET /sell 200 in 303ms (compile: 25ms, render: 278ms)
 GET / 200 in 306ms (compile: 45ms, render: 262ms)
 GET / 200 in 290ms (compile: 48ms, render: 242ms)
 GET /sell 200 in 324ms (compile: 8ms, render: 316ms)
 GET / 200 in 379ms (compile: 44ms, render: 335ms)
 GET / 200 in 383ms (compile: 27ms, render: 356ms)
 GET / 200 in 332ms (compile: 26ms, render: 306ms)
 GET /sell 200 in 336ms (compile: 8ms, render: 328ms)
 GET / 200 in 374ms (compile: 63ms, render: 311ms)
 GET / 200 in 433ms (compile: 20ms, render: 413ms)
 GET /sell 200 in 409ms (compile: 20ms, render: 389ms)
 GET / 200 in 411ms (compile: 55ms, render: 356ms)
 GET / 200 in 404ms (compile: 69ms, render: 335ms)
 GET / 200 in 407ms (compile: 85ms, render: 322ms)
 GET / 200 in 409ms (compile: 100ms, render: 310ms)
 GET /sell 200 in 387ms (compile: 8ms, render: 379ms)
 GET / 200 in 418ms (compile: 29ms, render: 390ms)
 GET / 200 in 421ms (compile: 43ms, render: 378ms)
 GET / 200 in 369ms (compile: 36ms, render: 333ms)
 GET /sell 200 in 393ms (compile: 52ms, render: 342ms)
 GET / 200 in 378ms (compile: 63ms, render: 314ms)
 GET / 200 in 300ms (compile: 23ms, render: 277ms)
 GET /sell 200 in 306ms (compile: 72ms, render: 234ms)
 GET / 200 in 233ms (compile: 15ms, render: 219ms)
 GET /sell 200 in 227ms (compile: 9ms, render: 217ms)
 GET / 200 in 270ms (compile: 32ms, render: 237ms)
 GET /sell 200 in 259ms (compile: 7ms, render: 252ms)
 GET / 200 in 260ms (compile: 34ms, render: 226ms)
 GET /sell 200 in 185ms (compile: 8ms, render: 177ms)
 GET / 200 in 174ms (compile: 23ms, render: 151ms)
 GET /sell 200 in 140ms (compile: 3ms, render: 137ms)
 GET / 200 in 157ms (compile: 7ms, render: 150ms)
 GET /sell 200 in 161ms (compile: 4ms, render: 157ms)
 GET / 200 in 177ms (compile: 22ms, render: 155ms)
 GET /sell 200 in 156ms (compile: 8ms, render: 148ms)
 GET / 200 in 144ms (compile: 9ms, render: 135ms)
 GET /sell 200 in 119ms (compile: 5ms, render: 114ms)
 GET / 200 in 114ms (compile: 4ms, render: 110ms)
 GET /sell 200 in 112ms (compile: 3ms, render: 109ms)
 GET / 200 in 99ms (compile: 5ms, render: 94ms)
 GET /sell 200 in 100ms (compile: 4ms, render: 96ms)
 GET / 200 in 161ms (compile: 6ms, render: 155ms)
 GET /sell 200 in 146ms (compile: 6ms, render: 139ms)
 GET / 200 in 152ms (compile: 7ms, render: 145ms)
 GET /sell 200 in 145ms (compile: 6ms, render: 139ms)
 GET / 200 in 136ms (compile: 6ms, render: 130ms)
 GET /sell 200 in 116ms (compile: 5ms, render: 112ms)
 GET / 200 in 109ms (compile: 6ms, render: 102ms)
 GET /sell 200 in 91ms (compile: 6ms, render: 85ms)
 GET / 200 in 82ms (compile: 3ms, render: 79ms)
 GET / 200 in 73ms (compile: 2ms, render: 71ms)
 GET / 200 in 100ms (compile: 14ms, render: 86ms)
 GET / 200 in 123ms (compile: 4ms, render: 119ms)
 GET / 200 in 212ms (compile: 4ms, render: 208ms)
 GET / 200 in 241ms (compile: 3ms, render: 239ms)
 GET / 200 in 268ms (compile: 4ms, render: 264ms)
 GET / 200 in 251ms (compile: 4ms, render: 248ms)
 GET / 200 in 198ms (compile: 11ms, render: 187ms)
 GET / 200 in 180ms (compile: 10ms, render: 170ms)
 GET / 200 in 176ms (compile: 7ms, render: 169ms)
 GET / 200 in 182ms (compile: 8ms, render: 174ms)
 GET / 200 in 151ms (compile: 5ms, render: 146ms)
 GET / 200 in 143ms (compile: 5ms, render: 138ms)
 GET / 200 in 115ms (compile: 5ms, render: 110ms)
 GET / 200 in 78ms (compile: 3ms, render: 75ms)
 GET / 200 in 115ms (compile: 3ms, render: 112ms)
 GET / 200 in 113ms (compile: 7ms, render: 106ms)
 GET / 200 in 115ms (compile: 10ms, render: 106ms)
 GET / 200 in 102ms (compile: 3ms, render: 99ms)
 GET / 200 in 122ms (compile: 3ms, render: 120ms)
 GET / 200 in 131ms (compile: 2ms, render: 129ms)
 GET / 200 in 131ms (compile: 3ms, render: 128ms)
 GET / 200 in 111ms (compile: 7ms, render: 104ms)
 GET / 200 in 76ms (compile: 7ms, render: 70ms)
 GET / 200 in 53ms (compile: 3ms, render: 50ms)
 GET /checkout/1 200 in 354ms (compile: 254ms, render: 99ms)
○ Compiling /profile ...
 GET /profile 200 in 4.6s (compile: 4.5s, render: 187ms)
 GET /profile 200 in 33ms (compile: 6ms, render: 27ms)
 GET / 200 in 55ms (compile: 14ms, render: 41ms)
 GET /profile 200 in 31ms (compile: 9ms, render: 22ms)
✓ Compiled in 467ms
✓ Compiled in 361ms
 GET /profile 200 in 186ms (compile: 57ms, render: 130ms)
 GET /profile 200 in 60ms (compile: 11ms, render: 49ms)
 GET /profile 200 in 47ms (compile: 4ms, render: 43ms)
 GET /profile 200 in 45ms (compile: 6ms, render: 39ms)
 GET /profile 200 in 86ms (compile: 9ms, render: 77ms)
 GET /profile 200 in 51ms (compile: 9ms, render: 41ms)
 GET /profile 200 in 43ms (compile: 6ms, render: 38ms)
 GET /profile 200 in 24ms (compile: 5ms, render: 18ms)
✓ Compiled in 735ms
 GET / 200 in 222ms (compile: 85ms, render: 138ms)
 GET / 200 in 1120ms (compile: 83ms, render: 1036ms)
 GET /profile 200 in 5.4s (compile: 4.5s, render: 863ms)
✓ Compiled in 310ms
✓ Compiled in 267ms
✓ Compiled in 150ms
✓ Compiled in 168ms
 GET /profile 200 in 5.5s (compile: 2.8s, render: 2.8s)
 GET / 200 in 606ms (compile: 316ms, render: 289ms)
 GET /product/1 200 in 305ms (compile: 225ms, render: 80ms)
 GET /checkout/1 200 in 255ms (compile: 177ms, render: 78ms)
 GET /login 200 in 2.9s (compile: 2.4s, render: 520ms)
 GET /login 200 in 167ms (compile: 82ms, render: 85ms)
 GET / 200 in 525ms (compile: 14ms, render: 511ms)
 GET /admin/dashboard 200 in 786ms (compile: 504ms, render: 282ms)
 GET /admin/users 200 in 350ms (compile: 225ms, render: 125ms)
 GET /admin/products 200 in 501ms (compile: 235ms, render: 266ms)
 GET / 200 in 80ms (compile: 34ms, render: 46ms)
 GET / 200 in 97ms (compile: 59ms, render: 38ms)
 GET / 200 in 153ms (compile: 32ms, render: 121ms)
 GET /admin/dashboard 200 in 249ms (compile: 61ms, render: 188ms)
 GET /admin/dashboard 200 in 48ms (compile: 13ms, render: 36ms)
 GET /admin/products 200 in 113ms (compile: 21ms, render: 92ms)
 GET /admin/dashboard 200 in 44ms (compile: 6ms, render: 38ms)
 GET /admin/products 200 in 90ms (compile: 3ms, render: 87ms)
 GET / 200 in 66ms (compile: 16ms, render: 50ms)
✓ Compiled in 4s
✓ Compiled in 65ms
 GET / 200 in 3.9s (compile: 2.5s, render: 1349ms)
 GET /product/1 200 in 1946ms (compile: 1247ms, render: 700ms)
 GET /checkout/1 200 in 1483ms (compile: 452ms, render: 1031ms)
 GET / 200 in 5.4s (compile: 3.9s, render: 1482ms)
 GET /admin/dashboard 200 in 4.0s (compile: 1754ms, render: 2.2s)
 GET /admin/dashboard 200 in 284ms (compile: 86ms, render: 198ms)
 GET /admin/users 200 in 809ms (compile: 202ms, render: 607ms)
 GET / 200 in 17.4s (compile: 5.1s, render: 12.3s)
 GET / 200 in 12.8s (compile: 362ms, render: 12.4s)
 GET / 200 in 8.0s (compile: 211ms, render: 7.8s)
 GET / 200 in 15.1s (compile: 351ms, render: 14.8s)
 GET /product/1 200 in 15.9s (compile: 3.5s, render: 12.5s)
 GET /checkout/1 200 in 11.9s (compile: 1410ms, render: 10.5s)
 GET /checkout/1 200 in 9.3s (compile: 751ms, render: 8.5s)
 GET /checkout/1 200 in 7.9s (compile: 46ms, render: 7.9s)
 GET /checkout/1 200 in 5.1s (compile: 233ms, render: 4.8s)
 GET / 200 in 1087ms (compile: 37ms, render: 1050ms)
 GET /product/1 200 in 3.2s (compile: 503ms, render: 2.7s)
